<?xml version="1.0" encoding="UTF-8"?>
<!-- Generated by org.testng.reporters.JUnitReportReporter -->
<testsuite skipped="0" hostname="DESKTOP-8TSGNL2" name="com.comcast.Contact.contactTest" tests="3" failures="0" timestamp="2021-09-22T17:46:11 IST" time="0.022" errors="0">
  <testcase name="createContactWithOrgTest" time="0.002" classname="com.comcast.Contact.contactTest"/>
  <system-out/>
  <testcase name="createContactTest" time="0.018" classname="com.comcast.Contact.contactTest"/>
  <system-out/>
  <testcase name="delectContactTest" time="0.002" classname="com.comcast.Contact.contactTest"/>
  <system-out/>
</testsuite> <!-- com.comcast.Contact.contactTest -->
